<?xml version="1.0" encoding="UTF-8"?>
<testsuite xmlns:xsi="http://www.w3.org/2001/XMLSchema-instance" xsi:noNamespaceSchemaLocation="https://maven.apache.org/surefire/maven-surefire-plugin/xsd/surefire-test-report.xsd" name="ar.edu.itba.sia.gps.TestGPSEngine" time="106.442" tests="39" errors="0" skipped="0" failures="0">
  <properties>
[...]
</properties>
  <testcase name="testFindSolution[0]" classname="ar.edu.itba.sia.gps.TestGPSEngine" time="0.063"/>
  <testcase name="testFindSolution[1]" classname="ar.edu.itba.sia.gps.TestGPSEngine" time="0.066"/>
  <testcase name="testFindSolution[2]" classname="ar.edu.itba.sia.gps.TestGPSEngine" time="0.008"/>
  <testcase name="testFindSolution[3]" classname="ar.edu.itba.sia.gps.TestGPSEngine" time="0.025"/>
  <testcase name="testFindSolution[4]" classname="ar.edu.itba.sia.gps.TestGPSEngine" time="0.007"/>
  <testcase name="testFindSolution[5]" classname="ar.edu.itba.sia.gps.TestGPSEngine" time="0.084"/>
  <testcase name="testFindSolution[6]" classname="ar.edu.itba.sia.gps.TestGPSEngine" time="8.632"/>
  <testcase name="testFindSolution[7]" classname="ar.edu.itba.sia.gps.TestGPSEngine" time="0.014"/>
  <testcase name="testFindSolution[8]" classname="ar.edu.itba.sia.gps.TestGPSEngine" time="0.031"/>
  <testcase name="testFindSolution[9]" classname="ar.edu.itba.sia.gps.TestGPSEngine" time="0.043"/>
  <testcase name="testFindSolution[10]" classname="ar.edu.itba.sia.gps.TestGPSEngine" time="0.033"/>
  <testcase name="testFindSolution[11]" classname="ar.edu.itba.sia.gps.TestGPSEngine" time="0.007"/>
  <testcase name="testFindSolution[12]" classname="ar.edu.itba.sia.gps.TestGPSEngine" time="1.752"/>
  <testcase name="testFindSolution[13]" classname="ar.edu.itba.sia.gps.TestGPSEngine" time="12.1"/>
  <testcase name="testFindSolution[14]" classname="ar.edu.itba.sia.gps.TestGPSEngine" time="0.147"/>
  <testcase name="testFindSolution[15]" classname="ar.edu.itba.sia.gps.TestGPSEngine" time="0.031"/>
  <testcase name="testFindSolution[16]" classname="ar.edu.itba.sia.gps.TestGPSEngine" time="0.036"/>
  <testcase name="testFindSolution[17]" classname="ar.edu.itba.sia.gps.TestGPSEngine" time="0.064"/>
  <testcase name="testFindSolution[18]" classname="ar.edu.itba.sia.gps.TestGPSEngine" time="0.033"/>
  <testcase name="testFindSolution[19]" classname="ar.edu.itba.sia.gps.TestGPSEngine" time="0"/>
  <testcase name="testFindSolution[20]" classname="ar.edu.itba.sia.gps.TestGPSEngine" time="7.443"/>
  <testcase name="testFindSolution[21]" classname="ar.edu.itba.sia.gps.TestGPSEngine" time="60.521"/>
  <testcase name="testFindSolution[22]" classname="ar.edu.itba.sia.gps.TestGPSEngine" time="0.009"/>
  <testcase name="testFindSolution[23]" classname="ar.edu.itba.sia.gps.TestGPSEngine" time="0.018"/>
  <testcase name="testFindSolution[24]" classname="ar.edu.itba.sia.gps.TestGPSEngine" time="0.009"/>
  <testcase name="testFindSolution[25]" classname="ar.edu.itba.sia.gps.TestGPSEngine" time="0.193"/>
  <testcase name="testFindSolution[26]" classname="ar.edu.itba.sia.gps.TestGPSEngine" time="0"/>
  <testcase name="testFindSolution[27]" classname="ar.edu.itba.sia.gps.TestGPSEngine" time="0"/>
  <testcase name="testFindSolution[28]" classname="ar.edu.itba.sia.gps.TestGPSEngine" time="0.227"/>
  <testcase name="testFindSolution[29]" classname="ar.edu.itba.sia.gps.TestGPSEngine" time="3.999"/>
  <testcase name="testFindSolution[30]" classname="ar.edu.itba.sia.gps.TestGPSEngine" time="0.001"/>
  <testcase name="testFindSolution[31]" classname="ar.edu.itba.sia.gps.TestGPSEngine" time="0.013"/>
  <testcase name="testFindSolution[32]" classname="ar.edu.itba.sia.gps.TestGPSEngine" time="0.007"/>
  <testcase name="testFindSolution[33]" classname="ar.edu.itba.sia.gps.TestGPSEngine" time="0.014"/>
  <testcase name="testFindSolution[34]" classname="ar.edu.itba.sia.gps.TestGPSEngine" time="0.005"/>
  <testcase name="testFindSolution[35]" classname="ar.edu.itba.sia.gps.TestGPSEngine" time="0.002"/>
  <testcase name="testFindSolution[36]" classname="ar.edu.itba.sia.gps.TestGPSEngine" time="0.972"/>
  <testcase name="testFindSolution[37]" classname="ar.edu.itba.sia.gps.TestGPSEngine" time="9.15"/>
  <testcase name="testFindSolution[38]" classname="ar.edu.itba.sia.gps.TestGPSEngine" time="0.006"/>
</testsuite>